build/outputs/logs/manifest-merger-baiDu-debug-report.txt
-- Merging decision tree log ---
manifest
ADDED from AndroidManifest.xml:2:1-344:12
	package
		ADDED from AndroidManifest.xml:3:5-28
		INJECTED from AndroidManifest.xml
		INJECTED from AndroidManifest.xml
	android:versionName
		ADDED from AndroidManifest.xml:5:5-30
		INJECTED from AndroidManifest.xml
		INJECTED from AndroidManifest.xml
	android:versionCode
		ADDED from AndroidManifest.xml:4:5-28
		INJECTED from AndroidManifest.xml
		INJECTED from AndroidManifest.xml
	xmlns:android
		ADDED from AndroidManifest.xml:2:11-69
uses-sdk
ADDED from AndroidManifest.xml:7:5-9:41
MERGED from [com.android.support:multidex:1.0.1] AndroidManifest.xml:18:5-42
MERGED from [com.android.support:support-v4:25.3.1] AndroidManifest.xml:21:5-23:54
MERGED from [com.android.support:support-fragment:25.3.1] AndroidManifest.xml:21:5-23:60
MERGED from [com.android.support:support-media-compat:25.3.1] AndroidManifest.xml:21:5-23:63
MERGED from [com.android.support:support-core-ui:25.3.1] AndroidManifest.xml:21:5-23:58
MERGED from [com.android.support:support-core-utils:25.3.1] AndroidManifest.xml:21:5-23:61
MERGED from [com.android.support:support-compat:25.3.1] AndroidManifest.xml:21:5-23:58
MERGED from [cn.bmob.android:bmob-sdk:3.5.0] AndroidManifest.xml:7:5-9:41
	tools:overrideLibrary
		ADDED from [com.android.support:support-v4:25.3.1] AndroidManifest.xml:23:9-51
	android:targetSdkVersion
		ADDED from AndroidManifest.xml:9:9-38
		INJECTED from AndroidManifest.xml
		INJECTED from AndroidManifest.xml
	android:minSdkVersion
		ADDED from AndroidManifest.xml:8:9-35
		INJECTED from AndroidManifest.xml
		INJECTED from AndroidManifest.xml
uses-permission#${applicationId}.permission.JPUSH_MESSAGE
ADDED from AndroidManifest.xml:10:6-82
	android:name
		ADDED from AndroidManifest.xml:10:23-79
		INJECTED from AndroidManifest.xml
uses-permission#android.permission.RECEIVE_USER_PRESENT
ADDED from AndroidManifest.xml:11:5-79
	android:name
		ADDED from AndroidManifest.xml:11:22-76
uses-permission#android.permission.INTERNET
ADDED from AndroidManifest.xml:12:5-67
	android:name
		ADDED from AndroidManifest.xml:12:22-64
uses-permission#android.permission.ACCESS_WIFI_STATE
ADDED from AndroidManifest.xml:13:5-76
	android:name
		ADDED from AndroidManifest.xml:13:22-73
uses-permission#android.permission.ACCESS_NETWORK_STATE
ADDED from AndroidManifest.xml:14:5-79
	android:name
		ADDED from AndroidManifest.xml:14:22-76
uses-permission#android.permission.READ_PHONE_STATE
ADDED from AndroidManifest.xml:15:5-75
	android:name
		ADDED from AndroidManifest.xml:15:22-72
uses-permission#android.permission.WRITE_SETTINGS
ADDED from AndroidManifest.xml:16:5-73
	android:name
		ADDED from AndroidManifest.xml:16:22-70
uses-permission#android.net.conn.CONNECTIVITY_CHANGE
ADDED from AndroidManifest.xml:17:5-75
	android:name
		ADDED from AndroidManifest.xml:17:22-73
uses-permission#android.permission.SYSTEM_ALERT_WINDOW
ADDED from AndroidManifest.xml:20:5-78
	android:name
		ADDED from AndroidManifest.xml:20:22-75
uses-permission#android.permission.ACCESS_COARSE_LOCATION
ADDED from AndroidManifest.xml:21:5-81
	android:name
		ADDED from AndroidManifest.xml:21:22-78
uses-permission#android.permission.CHANGE_WIFI_STATE
ADDED from AndroidManifest.xml:22:5-76
	android:name
		ADDED from AndroidManifest.xml:22:22-73
uses-permission#android.permission.ACCESS_FINE_LOCATION
ADDED from AndroidManifest.xml:23:5-79
	android:name
		ADDED from AndroidManifest.xml:23:22-76
uses-permission#android.permission.ACCESS_LOCATION_EXTRA_COMMANDS
ADDED from AndroidManifest.xml:24:5-89
	android:name
		ADDED from AndroidManifest.xml:24:22-86
uses-permission#android.permission.CHANGE_NETWORK_STATE
ADDED from AndroidManifest.xml:25:5-79
	android:name
		ADDED from AndroidManifest.xml:25:22-76
uses-permission#android.permission.WAKE_LOCK
ADDED from AndroidManifest.xml:26:5-68
	android:name
		ADDED from AndroidManifest.xml:26:22-65
uses-permission#android.permission.GET_TASKS
ADDED from AndroidManifest.xml:27:5-68
	android:name
		ADDED from AndroidManifest.xml:27:22-65
uses-permission#android.permission.WRITE_EXTERNAL_STORAGE
ADDED from AndroidManifest.xml:29:5-80
	android:name
		ADDED from AndroidManifest.xml:29:22-78
uses-permission#android.permission.READ_EXTERNAL_STORAGE
ADDED from AndroidManifest.xml:30:5-79
	android:name
		ADDED from AndroidManifest.xml:30:22-77
uses-permission#android.permission.RECEIVE_BOOT_COMPLETED
ADDED from AndroidManifest.xml:31:5-81
	android:name
		ADDED from AndroidManifest.xml:31:22-78
uses-permission#android.permission.READ_LOGS
ADDED from AndroidManifest.xml:32:5-68
	android:name
		ADDED from AndroidManifest.xml:32:22-65
uses-permission#android.permission.CAMERA
ADDED from AndroidManifest.xml:34:5-65
	android:name
		ADDED from AndroidManifest.xml:34:22-62
uses-permission#android.permission.VIBRATE
ADDED from AndroidManifest.xml:35:5-66
	android:name
		ADDED from AndroidManifest.xml:35:22-63
uses-permission#android.permission.FLASHLIGHT
ADDED from AndroidManifest.xml:36:5-69
	android:name
		ADDED from AndroidManifest.xml:36:22-66
uses-feature#android.hardware.camera
ADDED from AndroidManifest.xml:37:5-60
	android:name
		ADDED from AndroidManifest.xml:37:19-57
uses-feature#android.hardware.camera.autofocus
ADDED from AndroidManifest.xml:39:5-70
	android:name
		ADDED from AndroidManifest.xml:39:19-67
uses-permission#android.permission.MOUNT_UNMOUNT_FILESYSTEMS
ADDED from AndroidManifest.xml:41:5-83
	android:name
		ADDED from AndroidManifest.xml:41:22-81
permission#${applicationId}.permission.JPUSH_MESSAGE
ADDED from AndroidManifest.xml:42:6-44:47
	android:protectionLevel
		ADDED from AndroidManifest.xml:44:9-44
	android:name
		ADDED from AndroidManifest.xml:43:9-65
		INJECTED from AndroidManifest.xml
permission#cn.bmob.permission.push
ADDED from AndroidManifest.xml:47:5-50:18
	android:protectionLevel
		ADDED from AndroidManifest.xml:49:9-41
	android:name
		ADDED from AndroidManifest.xml:48:9-47
application
ADDED from AndroidManifest.xml:56:5-342:19
MERGED from [com.android.support:support-v4:25.3.1] AndroidManifest.xml:29:5-20
MERGED from [com.android.support:support-fragment:25.3.1] AndroidManifest.xml:29:5-20
MERGED from [com.android.support:support-media-compat:25.3.1] AndroidManifest.xml:29:5-20
MERGED from [com.android.support:support-core-ui:25.3.1] AndroidManifest.xml:29:5-20
MERGED from [com.android.support:support-core-utils:25.3.1] AndroidManifest.xml:29:5-20
MERGED from [com.android.support:support-compat:25.3.1] AndroidManifest.xml:29:5-20
MERGED from [cn.bmob.android:bmob-sdk:3.5.0] AndroidManifest.xml:11:5-14:19
	android:label
		ADDED from AndroidManifest.xml:61:9-41
	android:supportsRtl
		ADDED from [cn.bmob.android:bmob-sdk:3.5.0] AndroidManifest.xml:13:9-35
	android:hardwareAccelerated
		ADDED from AndroidManifest.xml:59:9-43
	android:allowBackup
		ADDED from AndroidManifest.xml:58:9-35
	android:icon
		ADDED from AndroidManifest.xml:60:9-43
	android:theme
		ADDED from AndroidManifest.xml:62:9-40
	android:name
		ADDED from AndroidManifest.xml:57:9-55
activity#com.shishicai.app.activity.WelcomeActivity
ADDED from AndroidManifest.xml:63:9-71:20
	android:label
		ADDED from AndroidManifest.xml:66:13-45
	android:theme
		ADDED from AndroidManifest.xml:65:13-47
	android:name
		ADDED from AndroidManifest.xml:64:13-70
intent-filter#android.intent.action.MAIN+android.intent.category.LAUNCHER
ADDED from AndroidManifest.xml:67:13-70:29
action#android.intent.action.MAIN
ADDED from AndroidManifest.xml:68:17-69
	android:name
		ADDED from AndroidManifest.xml:68:25-66
category#android.intent.category.LAUNCHER
ADDED from AndroidManifest.xml:69:17-77
	android:name
		ADDED from AndroidManifest.xml:69:27-74
meta-data#UMENG_APPKEY
ADDED from AndroidManifest.xml:73:9-76:21
	android:value
		ADDED from AndroidManifest.xml:75:13-53
	android:name
		ADDED from AndroidManifest.xml:74:13-40
meta-data#UMENG_CHANNEL
ADDED from AndroidManifest.xml:77:9-80:21
	android:value
		ADDED from AndroidManifest.xml:79:13-51
		INJECTED from AndroidManifest.xml
	android:name
		ADDED from AndroidManifest.xml:78:13-41
activity#cn.jpush.android.ui.PushActivity
ADDED from AndroidManifest.xml:82:9-92:20
	android:exported
		ADDED from AndroidManifest.xml:86:13-37
	android:configChanges
		ADDED from AndroidManifest.xml:84:13-63
	android:theme
		ADDED from AndroidManifest.xml:85:13-60
	android:name
		ADDED from AndroidManifest.xml:83:13-60
intent-filter#${applicationId}+android.intent.category.DEFAULT+cn.jpush.android.ui.PushActivity
ADDED from AndroidManifest.xml:87:13-91:29
action#cn.jpush.android.ui.PushActivity
ADDED from AndroidManifest.xml:88:17-75
	android:name
		ADDED from AndroidManifest.xml:88:25-72
category#android.intent.category.DEFAULT
ADDED from AndroidManifest.xml:89:17-76
	android:name
		ADDED from AndroidManifest.xml:89:27-73
category#${applicationId}
ADDED from AndroidManifest.xml:90:17-61
	android:name
		ADDED from AndroidManifest.xml:90:27-58
		INJECTED from AndroidManifest.xml
		INJECTED from AndroidManifest.xml
		INJECTED from AndroidManifest.xml
		INJECTED from AndroidManifest.xml
activity#cn.jpush.android.ui.PopWinActivity
ADDED from AndroidManifest.xml:95:9-99:20
	android:exported
		ADDED from AndroidManifest.xml:98:13-37
	android:theme
		ADDED from AndroidManifest.xml:97:13-49
	android:name
		ADDED from AndroidManifest.xml:96:13-62
service#cn.jpush.android.service.DownloadService
ADDED from AndroidManifest.xml:102:9-106:19
	android:enabled
		ADDED from AndroidManifest.xml:104:13-35
	android:exported
		ADDED from AndroidManifest.xml:105:13-37
	android:name
		ADDED from AndroidManifest.xml:103:13-68
service#cn.jpush.android.service.PushService
ADDED from AndroidManifest.xml:111:9-120:19
	android:process
		ADDED from AndroidManifest.xml:113:13-36
	android:name
		ADDED from AndroidManifest.xml:112:13-64
intent-filter#cn.jpush.android.intent.PUSH_TIME+cn.jpush.android.intent.PushService+cn.jpush.android.intent.REGISTER+cn.jpush.android.intent.REPORT
ADDED from AndroidManifest.xml:114:13-119:29
action#cn.jpush.android.intent.REGISTER
ADDED from AndroidManifest.xml:115:17-75
	android:name
		ADDED from AndroidManifest.xml:115:25-72
action#cn.jpush.android.intent.REPORT
ADDED from AndroidManifest.xml:116:17-73
	android:name
		ADDED from AndroidManifest.xml:116:25-70
action#cn.jpush.android.intent.PushService
ADDED from AndroidManifest.xml:117:17-78
	android:name
		ADDED from AndroidManifest.xml:117:25-75
action#cn.jpush.android.intent.PUSH_TIME
ADDED from AndroidManifest.xml:118:17-76
	android:name
		ADDED from AndroidManifest.xml:118:25-73
service#cn.jpush.android.service.DaemonService
ADDED from AndroidManifest.xml:124:9-133:19
	android:enabled
		ADDED from AndroidManifest.xml:126:13-35
	android:exported
		ADDED from AndroidManifest.xml:127:13-36
	android:name
		ADDED from AndroidManifest.xml:125:13-66
intent-filter#${applicationId}+cn.jpush.android.intent.DaemonService
ADDED from AndroidManifest.xml:128:13-131:29
action#cn.jpush.android.intent.DaemonService
ADDED from AndroidManifest.xml:129:17-80
	android:name
		ADDED from AndroidManifest.xml:129:25-77
receiver#cn.jpush.android.service.PushReceiver
ADDED from AndroidManifest.xml:136:9-154:20
	android:enabled
		ADDED from AndroidManifest.xml:138:13-35
	android:name
		ADDED from AndroidManifest.xml:137:13-65
intent-filter#${applicationId}+cn.jpush.android.intent.NOTIFICATION_RECEIVED_PROXY
ADDED from AndroidManifest.xml:139:13-142:29
	android:priority
		ADDED from AndroidManifest.xml:139:28-57
action#cn.jpush.android.intent.NOTIFICATION_RECEIVED_PROXY
ADDED from AndroidManifest.xml:140:17-94
	android:name
		ADDED from AndroidManifest.xml:140:25-91
intent-filter#android.intent.action.USER_PRESENT+android.net.conn.CONNECTIVITY_CHANGE
ADDED from AndroidManifest.xml:143:13-146:29
action#android.intent.action.USER_PRESENT
ADDED from AndroidManifest.xml:144:17-77
	android:name
		ADDED from AndroidManifest.xml:144:25-74
action#android.net.conn.CONNECTIVITY_CHANGE
ADDED from AndroidManifest.xml:145:17-79
	android:name
		ADDED from AndroidManifest.xml:145:25-76
intent-filter#android.intent.action.PACKAGE_ADDED+android.intent.action.PACKAGE_REMOVED
ADDED from AndroidManifest.xml:148:13-153:29
action#android.intent.action.PACKAGE_ADDED
ADDED from AndroidManifest.xml:149:17-78
	android:name
		ADDED from AndroidManifest.xml:149:25-75
action#android.intent.action.PACKAGE_REMOVED
ADDED from AndroidManifest.xml:150:17-80
	android:name
		ADDED from AndroidManifest.xml:150:25-77
data
ADDED from AndroidManifest.xml:152:17-50
	android:scheme
		ADDED from AndroidManifest.xml:152:23-47
receiver#cn.jpush.android.service.AlarmReceiver
ADDED from AndroidManifest.xml:157:9-99
	android:exported
		ADDED from AndroidManifest.xml:157:73-97
	android:name
		ADDED from AndroidManifest.xml:157:19-72
receiver#com.shishicai.app.service.JPushReceiver
ADDED from AndroidManifest.xml:160:9-173:20
	android:enabled
		ADDED from AndroidManifest.xml:163:13-35
	android:exported
		ADDED from AndroidManifest.xml:162:13-37
	android:name
		ADDED from AndroidManifest.xml:161:13-67
intent-filter#${applicationId}+android.intent.action.BOOT_COMPLETED+cn.jpush.android.intent.CONNECTION+cn.jpush.android.intent.MESSAGE_RECEIVED+cn.jpush.android.intent.NOTIFICATION_OPENED+cn.jpush.android.intent.NOTIFICATION_RECEIVED+cn.jpush.android.intent.REGISTRATION
ADDED from AndroidManifest.xml:164:13-172:29
	android:priority
		ADDED from AndroidManifest.xml:164:28-57
action#android.intent.action.BOOT_COMPLETED
ADDED from AndroidManifest.xml:165:18-80
	android:name
		ADDED from AndroidManifest.xml:165:26-77
action#cn.jpush.android.intent.REGISTRATION
ADDED from AndroidManifest.xml:166:17-79
	android:name
		ADDED from AndroidManifest.xml:166:25-76
action#cn.jpush.android.intent.MESSAGE_RECEIVED
ADDED from AndroidManifest.xml:167:17-83
	android:name
		ADDED from AndroidManifest.xml:167:25-80
action#cn.jpush.android.intent.NOTIFICATION_RECEIVED
ADDED from AndroidManifest.xml:168:17-88
	android:name
		ADDED from AndroidManifest.xml:168:25-85
action#cn.jpush.android.intent.NOTIFICATION_OPENED
ADDED from AndroidManifest.xml:169:17-86
	android:name
		ADDED from AndroidManifest.xml:169:25-83
action#cn.jpush.android.intent.CONNECTION
ADDED from AndroidManifest.xml:170:17-77
	android:name
		ADDED from AndroidManifest.xml:170:25-74
meta-data#JPUSH_CHANNEL
ADDED from AndroidManifest.xml:176:9-84
	android:value
		ADDED from AndroidManifest.xml:176:49-82
	android:name
		ADDED from AndroidManifest.xml:176:20-48
meta-data#JPUSH_APPKEY
ADDED from AndroidManifest.xml:177:9-90
	android:value
		ADDED from AndroidManifest.xml:177:48-88
	android:name
		ADDED from AndroidManifest.xml:177:20-47
service#cn.bmob.push.lib.service.PushService
ADDED from AndroidManifest.xml:179:9-188:19
	android:process
		ADDED from AndroidManifest.xml:184:13-43
	android:label
		ADDED from AndroidManifest.xml:182:13-40
	android:exported
		ADDED from AndroidManifest.xml:181:13-36
	android:permission
		ADDED from AndroidManifest.xml:183:13-57
	android:name
		ADDED from AndroidManifest.xml:180:13-64
intent-filter#cn.bmob.push.lib.service.PushService
ADDED from AndroidManifest.xml:185:13-187:29
action#cn.bmob.push.lib.service.PushService
ADDED from AndroidManifest.xml:186:17-79
	android:name
		ADDED from AndroidManifest.xml:186:25-76
receiver#cn.bmob.push.PushReceiver
ADDED from AndroidManifest.xml:190:9-201:20
	android:process
		ADDED from AndroidManifest.xml:192:13-43
	android:name
		ADDED from AndroidManifest.xml:191:13-53
intent-filter#android.intent.action.BOOT_COMPLETED+android.intent.action.USER_PRESENT+android.net.conn.CONNECTIVITY_CHANGE
ADDED from AndroidManifest.xml:193:13-200:29
	android:priority
		ADDED from AndroidManifest.xml:193:28-57
receiver#com.shishicai.app.service.MyPushMessageReceiver
ADDED from AndroidManifest.xml:203:9-208:20
	android:process
		ADDED from AndroidManifest.xml:204:13-36
	android:name
		ADDED from AndroidManifest.xml:203:19-81
intent-filter#cn.bmob.push.action.MESSAGE
ADDED from AndroidManifest.xml:205:13-207:29
action#cn.bmob.push.action.MESSAGE
ADDED from AndroidManifest.xml:206:17-70
	android:name
		ADDED from AndroidManifest.xml:206:25-67
activity#com.shishicai.app.activity.MainActivity
ADDED from AndroidManifest.xml:210:9-215:20
	android:screenOrientation
		ADDED from AndroidManifest.xml:213:13-49
	android:launchMode
		ADDED from AndroidManifest.xml:212:13-44
	android:windowSoftInputMode
		ADDED from AndroidManifest.xml:214:13-60
	android:name
		ADDED from AndroidManifest.xml:211:13-67
activity#com.shishicai.app.activity.mine.MineSetting
ADDED from AndroidManifest.xml:216:10-219:20
	android:screenOrientation
		ADDED from AndroidManifest.xml:218:13-49
	android:name
		ADDED from AndroidManifest.xml:217:13-71
activity#com.shishicai.app.activity.ShowImgActivity
ADDED from AndroidManifest.xml:220:9-223:20
	android:screenOrientation
		ADDED from AndroidManifest.xml:222:13-49
	android:name
		ADDED from AndroidManifest.xml:221:13-70
activity#com.shishicai.app.activity.ToolActivity
ADDED from AndroidManifest.xml:224:10-227:20
	android:screenOrientation
		ADDED from AndroidManifest.xml:226:13-49
	android:name
		ADDED from AndroidManifest.xml:225:13-67
activity#com.shishicai.app.activity.SettingActivity
ADDED from AndroidManifest.xml:228:9-231:20
	android:screenOrientation
		ADDED from AndroidManifest.xml:230:13-49
	android:name
		ADDED from AndroidManifest.xml:229:13-70
activity#com.shishicai.app.activity.MsgActivity
ADDED from AndroidManifest.xml:232:9-235:20
	android:screenOrientation
		ADDED from AndroidManifest.xml:234:13-49
	android:name
		ADDED from AndroidManifest.xml:233:13-66
activity#com.shishicai.app.activity.AwardActivity
ADDED from AndroidManifest.xml:236:9-239:20
	android:screenOrientation
		ADDED from AndroidManifest.xml:238:13-49
	android:name
		ADDED from AndroidManifest.xml:237:13-68
activity#com.shishicai.app.activity.DayNewsActivity
ADDED from AndroidManifest.xml:240:9-243:20
	android:screenOrientation
		ADDED from AndroidManifest.xml:242:13-49
	android:name
		ADDED from AndroidManifest.xml:241:13-70
activity#com.shishicai.app.activity.ChatActivity
ADDED from AndroidManifest.xml:244:9-249:20
	android:screenOrientation
		ADDED from AndroidManifest.xml:247:13-49
	android:windowSoftInputMode
		ADDED from AndroidManifest.xml:248:13-60
	android:configChanges
		ADDED from AndroidManifest.xml:246:13-63
	android:name
		ADDED from AndroidManifest.xml:245:13-67
activity#com.shishicai.app.activity.ColdHotActivity
ADDED from AndroidManifest.xml:250:9-253:20
	android:screenOrientation
		ADDED from AndroidManifest.xml:252:13-49
	android:name
		ADDED from AndroidManifest.xml:251:13-70
activity#com.shishicai.app.activity.AboutAsActivity
ADDED from AndroidManifest.xml:254:9-257:20
	android:screenOrientation
		ADDED from AndroidManifest.xml:256:13-49
	android:name
		ADDED from AndroidManifest.xml:255:13-70
activity#com.shishicai.app.activity.LuzhuActivity
ADDED from AndroidManifest.xml:258:9-261:20
	android:screenOrientation
		ADDED from AndroidManifest.xml:260:13-49
	android:name
		ADDED from AndroidManifest.xml:259:13-68
activity#com.shishicai.app.activity.LuzhuDetailActivity
ADDED from AndroidManifest.xml:262:9-265:20
	android:screenOrientation
		ADDED from AndroidManifest.xml:264:13-49
	android:name
		ADDED from AndroidManifest.xml:263:13-74
activity#com.shishicai.app.activity.AboutActivity
ADDED from AndroidManifest.xml:266:9-269:20
	android:screenOrientation
		ADDED from AndroidManifest.xml:268:13-49
	android:name
		ADDED from AndroidManifest.xml:267:13-68
activity#com.shishicai.app.activity.PredictActivity
ADDED from AndroidManifest.xml:270:9-273:20
	android:screenOrientation
		ADDED from AndroidManifest.xml:272:13-49
	android:name
		ADDED from AndroidManifest.xml:271:13-70
activity#com.shishicai.app.activity.ChartActivity
ADDED from AndroidManifest.xml:274:9-277:20
	android:screenOrientation
		ADDED from AndroidManifest.xml:276:13-50
	android:name
		ADDED from AndroidManifest.xml:275:13-68
activity#com.shishicai.app.activity.WebviewActivity
ADDED from AndroidManifest.xml:278:9-283:20
	android:screenOrientation
		ADDED from AndroidManifest.xml:281:13-49
	android:launchMode
		ADDED from AndroidManifest.xml:280:13-44
	android:name
		ADDED from AndroidManifest.xml:279:13-70
activity#com.shishicai.app.activity.mine.MineRegister
ADDED from AndroidManifest.xml:284:10-287:20
	android:screenOrientation
		ADDED from AndroidManifest.xml:286:13-49
	android:name
		ADDED from AndroidManifest.xml:285:13-72
activity#com.shishicai.app.activity.mine.MineFindPassword
ADDED from AndroidManifest.xml:288:10-291:20
	android:screenOrientation
		ADDED from AndroidManifest.xml:290:13-49
	android:name
		ADDED from AndroidManifest.xml:289:13-76
activity#com.shishicai.app.activity.mine.MinePasswod
ADDED from AndroidManifest.xml:292:11-295:20
	android:screenOrientation
		ADDED from AndroidManifest.xml:294:13-49
	android:name
		ADDED from AndroidManifest.xml:293:13-71
activity#com.shishicai.app.activity.mine.MineActivity
ADDED from AndroidManifest.xml:296:11-299:20
	android:screenOrientation
		ADDED from AndroidManifest.xml:298:13-49
	android:name
		ADDED from AndroidManifest.xml:297:13-72
activity#com.shishicai.app.activity.mine.MineInformation
ADDED from AndroidManifest.xml:300:10-303:20
	android:screenOrientation
		ADDED from AndroidManifest.xml:302:13-49
	android:name
		ADDED from AndroidManifest.xml:301:13-75
activity#com.shishicai.app.activity.mine.MineNickName
ADDED from AndroidManifest.xml:304:9-307:20
	android:screenOrientation
		ADDED from AndroidManifest.xml:306:13-49
	android:name
		ADDED from AndroidManifest.xml:305:13-72
activity#com.shishicai.app.activity.mine.MineEmail
ADDED from AndroidManifest.xml:308:10-311:20
	android:screenOrientation
		ADDED from AndroidManifest.xml:310:13-49
	android:name
		ADDED from AndroidManifest.xml:309:13-69
activity#com.shishicai.app.activity.mine.MineCollection
ADDED from AndroidManifest.xml:312:9-315:20
	android:screenOrientation
		ADDED from AndroidManifest.xml:314:13-49
	android:name
		ADDED from AndroidManifest.xml:313:13-74
activity#com.shishicai.app.activity.mine.MineOrder
ADDED from AndroidManifest.xml:316:10-319:20
	android:screenOrientation
		ADDED from AndroidManifest.xml:318:13-49
	android:name
		ADDED from AndroidManifest.xml:317:13-69
activity#com.shishicai.app.activity.mine.MineOrderDetail
ADDED from AndroidManifest.xml:320:10-323:20
	android:screenOrientation
		ADDED from AndroidManifest.xml:322:13-49
	android:name
		ADDED from AndroidManifest.xml:321:13-75
activity#com.shishicai.app.activity.mine.MineBonus
ADDED from AndroidManifest.xml:324:10-327:20
	android:screenOrientation
		ADDED from AndroidManifest.xml:326:13-49
	android:name
		ADDED from AndroidManifest.xml:325:13-69
activity#com.shishicai.app.activity.ScanResultShow
ADDED from AndroidManifest.xml:328:9-331:20
	android:screenOrientation
		ADDED from AndroidManifest.xml:330:13-49
	android:name
		ADDED from AndroidManifest.xml:329:13-69
activity#com.shishicai.app.activity.GenerateNumberActivity
ADDED from AndroidManifest.xml:332:9-335:20
	android:screenOrientation
		ADDED from AndroidManifest.xml:334:13-49
	android:name
		ADDED from AndroidManifest.xml:333:13-77
activity#com.uuzuche.lib_zxing.activity.CaptureActivity
ADDED from AndroidManifest.xml:336:9-341:20
	android:screenOrientation
		ADDED from AndroidManifest.xml:339:13-49
	android:windowSoftInputMode
		ADDED from AndroidManifest.xml:340:13-60
	android:configChanges
		ADDED from AndroidManifest.xml:338:13-63
	android:name
		ADDED from AndroidManifest.xml:337:13-74
meta-data#android.support.VERSION
ADDED from [com.android.support:support-v4:25.3.1] AndroidManifest.xml:25:5-27:34
MERGED from [com.android.support:support-fragment:25.3.1] AndroidManifest.xml:25:5-27:34
MERGED from [com.android.support:support-media-compat:25.3.1] AndroidManifest.xml:25:5-27:34
MERGED from [com.android.support:support-core-ui:25.3.1] AndroidManifest.xml:25:5-27:34
MERGED from [com.android.support:support-core-utils:25.3.1] AndroidManifest.xml:25:5-27:34
MERGED from [com.android.support:support-compat:25.3.1] AndroidManifest.xml:25:5-27:34
	android:value
		ADDED from [com.android.support:support-v4:25.3.1] AndroidManifest.xml:27:9-31
	android:name
		ADDED from [com.android.support:support-v4:25.3.1] AndroidManifest.xml:26:9-47